Agent/android/app/build/intermediates/manifest_merge_blame_file/release/manifest-merger-blame-release-report.txt
1<?xml version="1.0" encoding="utf-8"?>
2<manifest xmlns:android="http://schemas.android.com/apk/res/android"
3    package="com.oamanager.agent"
4    android:versionCode="1"
5    android:versionName="1.0.0" >
6
7    <uses-sdk
8        android:minSdkVersion="26"
9        android:targetSdkVersion="36" />
10
11    <uses-permission android:name="android.permission.INTERNET" />
11-->src/main/AndroidManifest.xml:5:5-67
11-->src/main/AndroidManifest.xml:5:22-64
12    <uses-permission android:name="android.permission.ACCESS_NETWORK_STATE" />
12-->src/main/AndroidManifest.xml:6:5-79
12-->src/main/AndroidManifest.xml:6:22-76
13    <uses-permission android:name="android.permission.RECEIVE_BOOT_COMPLETED" />
13-->src/main/AndroidManifest.xml:7:5-81
13-->src/main/AndroidManifest.xml:7:22-78
14    <uses-permission android:name="android.permission.FOREGROUND_SERVICE" />
14-->src/main/AndroidManifest.xml:8:5-77
14-->src/main/AndroidManifest.xml:8:22-74
15    <uses-permission android:name="android.permission.FOREGROUND_SERVICE_DATA_SYNC" />
15-->src/main/AndroidManifest.xml:9:5-87
15-->src/main/AndroidManifest.xml:9:22-84
16    <uses-permission android:name="android.permission.REQUEST_IGNORE_BATTERY_OPTIMIZATIONS" />
16-->src/main/AndroidManifest.xml:10:5-95
16-->src/main/AndroidManifest.xml:10:22-92
17    <uses-permission android:name="android.permission.POST_NOTIFICATIONS" />
17-->src/main/AndroidManifest.xml:11:5-77
17-->src/main/AndroidManifest.xml:11:22-74
18    <uses-permission android:name="android.permission.READ_PHONE_STATE" />
18-->src/main/AndroidManifest.xml:12:5-75
18-->src/main/AndroidManifest.xml:12:22-72
19    <uses-permission android:name="android.permission.WAKE_LOCK" />
19-->[androidx.work:work-runtime:2.9.0] AndroidManifest.xml:23:5-68
19-->[androidx.work:work-runtime:2.9.0] AndroidManifest.xml:23:22-65
20
21    <permission
21-->[androidx.core:core:1.9.0] AndroidManifest.xml:22:5-24:47
22        android:name="com.oamanager.agent.DYNAMIC_RECEIVER_NOT_EXPORTED_PERMISSION"
22-->[androidx.core:core:1.9.0] AndroidManifest.xml:23:9-81
23        android:protectionLevel="signature" />
23-->[androidx.core:core:1.9.0] AndroidManifest.xml:24:9-44
24
25    <uses-permission android:name="com.oamanager.agent.DYNAMIC_RECEIVER_NOT_EXPORTED_PERMISSION" />
25-->[androidx.core:core:1.9.0] AndroidManifest.xml:26:5-97
25-->[androidx.core:core:1.9.0] AndroidManifest.xml:26:22-94
26
27    <application
27-->src/main/AndroidManifest.xml:14:5-54:19
28        android:name="com.oamanager.agent.android.OAAgentApp"
28-->src/main/AndroidManifest.xml:15:9-62
29        android:allowBackup="false"
29-->src/main/AndroidManifest.xml:16:9-36
30        android:appComponentFactory="androidx.core.app.CoreComponentFactory"
30-->[androidx.core:core:1.9.0] AndroidManifest.xml:28:18-86
31        android:extractNativeLibs="false"
32        android:icon="@mipmap/ic_launcher"
32-->src/main/AndroidManifest.xml:17:9-43
33        android:label="@string/app_name"
33-->src/main/AndroidManifest.xml:18:9-41
34        android:theme="@style/Theme.OAAgent" >
34-->src/main/AndroidManifest.xml:19:9-45
35        <activity
35-->src/main/AndroidManifest.xml:31:9-39:20
36            android:name="com.oamanager.agent.android.ui.SetupActivity"
36-->src/main/AndroidManifest.xml:32:13-72
37            android:exported="true"
37-->src/main/AndroidManifest.xml:33:13-36
38            android:label="@string/app_name" >
38-->src/main/AndroidManifest.xml:34:13-45
39            <intent-filter>
39-->src/main/AndroidManifest.xml:35:13-38:29
40                <action android:name="android.intent.action.MAIN" />
40-->src/main/AndroidManifest.xml:36:17-69
40-->src/main/AndroidManifest.xml:36:25-66
41
42                <category android:name="android.intent.category.LAUNCHER" />
42-->src/main/AndroidManifest.xml:37:17-77
42-->src/main/AndroidManifest.xml:37:27-74
43            </intent-filter>
44        </activity>
45
46        <service
46-->src/main/AndroidManifest.xml:41:9-44:56
47            android:name="com.oamanager.agent.android.service.HeartbeatForegroundService"
47-->src/main/AndroidManifest.xml:42:13-90
48            android:exported="false"
48-->src/main/AndroidManifest.xml:43:13-37
49            android:foregroundServiceType="dataSync" />
49-->src/main/AndroidManifest.xml:44:13-53
50
51        <receiver
51-->src/main/AndroidManifest.xml:46:9-52:20
52            android:name="com.oamanager.agent.android.receiver.BootReceiver"
52-->src/main/AndroidManifest.xml:47:13-77
53            android:exported="true" >
53-->src/main/AndroidManifest.xml:48:13-36
54            <intent-filter>
54-->src/main/AndroidManifest.xml:49:13-51:29
55                <action android:name="android.intent.action.BOOT_COMPLETED" />
55-->src/main/AndroidManifest.xml:50:17-79
55-->src/main/AndroidManifest.xml:50:25-76
56            </intent-filter>
57        </receiver>
58
59        <service
59-->[androidx.work:work-runtime:2.9.0] AndroidManifest.xml:39:9-45:35
60            android:name="androidx.work.impl.background.systemalarm.SystemAlarmService"
60-->[androidx.work:work-runtime:2.9.0] AndroidManifest.xml:40:13-88
61            android:directBootAware="false"
61-->[androidx.work:work-runtime:2.9.0] AndroidManifest.xml:41:13-44
62            android:enabled="@bool/enable_system_alarm_service_default"
62-->[androidx.work:work-runtime:2.9.0] AndroidManifest.xml:42:13-72
63            android:exported="false" />
63-->[androidx.work:work-runtime:2.9.0] AndroidManifest.xml:43:13-37
64        <service
64-->[androidx.work:work-runtime:2.9.0] AndroidManifest.xml:46:9-52:35
65            android:name="androidx.work.impl.background.systemjob.SystemJobService"
65-->[androidx.work:work-runtime:2.9.0] AndroidManifest.xml:47:13-84
66            android:directBootAware="false"
66-->[androidx.work:work-runtime:2.9.0] AndroidManifest.xml:48:13-44
67            android:enabled="@bool/enable_system_job_service_default"
67-->[androidx.work:work-runtime:2.9.0] AndroidManifest.xml:49:13-70
68            android:exported="true"
68-->[androidx.work:work-runtime:2.9.0] AndroidManifest.xml:50:13-36
69            android:permission="android.permission.BIND_JOB_SERVICE" />
69-->[androidx.work:work-runtime:2.9.0] AndroidManifest.xml:51:13-69
70        <service
70-->[androidx.work:work-runtime:2.9.0] AndroidManifest.xml:53:9-59:35
71            android:name="androidx.work.impl.foreground.SystemForegroundService"
71-->[androidx.work:work-runtime:2.9.0] AndroidManifest.xml:54:13-81
72            android:directBootAware="false"
72-->[androidx.work:work-runtime:2.9.0] AndroidManifest.xml:55:13-44
73            android:enabled="@bool/enable_system_foreground_service_default"
73-->[androidx.work:work-runtime:2.9.0] AndroidManifest.xml:56:13-77
74            android:exported="false" />
74-->[androidx.work:work-runtime:2.9.0] AndroidManifest.xml:57:13-37
75
76        <receiver
76-->[androidx.work:work-runtime:2.9.0] AndroidManifest.xml:61:9-66:35
77            android:name="androidx.work.impl.utils.ForceStopRunnable$BroadcastReceiver"
77-->[androidx.work:work-runtime:2.9.0] AndroidManifest.xml:62:13-88
78            android:directBootAware="false"
78-->[androidx.work:work-runtime:2.9.0] AndroidManifest.xml:63:13-44
79            android:enabled="true"
79-->[androidx.work:work-runtime:2.9.0] AndroidManifest.xml:64:13-35
80            android:exported="false" />
80-->[androidx.work:work-runtime:2.9.0] AndroidManifest.xml:65:13-37
81        <receiver
81-->[androidx.work:work-runtime:2.9.0] AndroidManifest.xml:67:9-77:20
82            android:name="androidx.work.impl.background.systemalarm.ConstraintProxy$BatteryChargingProxy"
82-->[androidx.work:work-runtime:2.9.0] AndroidManifest.xml:68:13-106
83            android:directBootAware="false"
83-->[androidx.work:work-runtime:2.9.0] AndroidManifest.xml:69:13-44
84            android:enabled="false"
84-->[androidx.work:work-runtime:2.9.0] AndroidManifest.xml:70:13-36
85            android:exported="false" >
85-->[androidx.work:work-runtime:2.9.0] AndroidManifest.xml:71:13-37
86            <intent-filter>
86-->[androidx.work:work-runtime:2.9.0] AndroidManifest.xml:73:13-76:29
87                <action android:name="android.intent.action.ACTION_POWER_CONNECTED" />
87-->[androidx.work:work-runtime:2.9.0] AndroidManifest.xml:74:17-87
87-->[androidx.work:work-runtime:2.9.0] AndroidManifest.xml:74:25-84
88                <action android:name="android.intent.action.ACTION_POWER_DISCONNECTED" />
88-->[androidx.work:work-runtime:2.9.0] AndroidManifest.xml:75:17-90
88-->[androidx.work:work-runtime:2.9.0] AndroidManifest.xml:75:25-87
89            </intent-filter>
90        </receiver>
91        <receiver
91-->[androidx.work:work-runtime:2.9.0] AndroidManifest.xml:78:9-88:20
92            android:name="androidx.work.impl.background.systemalarm.ConstraintProxy$BatteryNotLowProxy"
92-->[androidx.work:work-runtime:2.9.0] AndroidManifest.xml:79:13-104
93            android:directBootAware="false"
93-->[androidx.work:work-runtime:2.9.0] AndroidManifest.xml:80:13-44
94            android:enabled="false"
94-->[androidx.work:work-runtime:2.9.0] AndroidManifest.xml:81:13-36
95            android:exported="false" >
95-->[androidx.work:work-runtime:2.9.0] AndroidManifest.xml:82:13-37
96            <intent-filter>
96-->[androidx.work:work-runtime:2.9.0] AndroidManifest.xml:84:13-87:29
97                <action android:name="android.intent.action.BATTERY_OKAY" />
97-->[androidx.work:work-runtime:2.9.0] AndroidManifest.xml:85:17-77
97-->[androidx.work:work-runtime:2.9.0] AndroidManifest.xml:85:25-74
98                <action android:name="android.intent.action.BATTERY_LOW" />
98-->[androidx.work:work-runtime:2.9.0] AndroidManifest.xml:86:17-76
98-->[androidx.work:work-runtime:2.9.0] AndroidManifest.xml:86:25-73
99            </intent-filter>
100        </receiver>
101        <receiver
101-->[androidx.work:work-runtime:2.9.0] AndroidManifest.xml:89:9-99:20
102            android:name="androidx.work.impl.background.systemalarm.ConstraintProxy$StorageNotLowProxy"
102-->[androidx.work:work-runtime:2.9.0] AndroidManifest.xml:90:13-104
103            android:directBootAware="false"
103-->[androidx.work:work-runtime:2.9.0] AndroidManifest.xml:91:13-44
104            android:enabled="false"
104-->[androidx.work:work-runtime:2.9.0] AndroidManifest.xml:92:13-36
105            android:exported="false" >
105-->[androidx.work:work-runtime:2.9.0] AndroidManifest.xml:93:13-37
106            <intent-filter>
106-->[androidx.work:work-runtime:2.9.0] AndroidManifest.xml:95:13-98:29
107                <action android:name="android.intent.action.DEVICE_STORAGE_LOW" />
107-->[androidx.work:work-runtime:2.9.0] AndroidManifest.xml:96:17-83
107-->[androidx.work:work-runtime:2.9.0] AndroidManifest.xml:96:25-80
108                <action android:name="android.intent.action.DEVICE_STORAGE_OK" />
108-->[androidx.work:work-runtime:2.9.0] AndroidManifest.xml:97:17-82
108-->[androidx.work:work-runtime:2.9.0] AndroidManifest.xml:97:25-79
109            </intent-filter>
110        </receiver>
111        <receiver
111-->[androidx.work:work-runtime:2.9.0] AndroidManifest.xml:100:9-109:20
112            android:name="androidx.work.impl.background.systemalarm.ConstraintProxy$NetworkStateProxy"
112-->[androidx.work:work-runtime:2.9.0] AndroidManifest.xml:101:13-103
113            android:directBootAware="false"
113-->[androidx.work:work-runtime:2.9.0] AndroidManifest.xml:102:13-44
114            android:enabled="false"
114-->[androidx.work:work-runtime:2.9.0] AndroidManifest.xml:103:13-36
115            android:exported="false" >
115-->[androidx.work:work-runtime:2.9.0] AndroidManifest.xml:104:13-37
116            <intent-filter>
116-->[androidx.work:work-runtime:2.9.0] AndroidManifest.xml:106:13-108:29
117                <action android:name="android.net.conn.CONNECTIVITY_CHANGE" />
117-->[androidx.work:work-runtime:2.9.0] AndroidManifest.xml:107:17-79
117-->[androidx.work:work-runtime:2.9.0] AndroidManifest.xml:107:25-76
118            </intent-filter>
119        </receiver>
120        <receiver
120-->[androidx.work:work-runtime:2.9.0] AndroidManifest.xml:110:9-121:20
121            android:name="androidx.work.impl.background.systemalarm.RescheduleReceiver"
121-->[androidx.work:work-runtime:2.9.0] AndroidManifest.xml:111:13-88
122            android:directBootAware="false"
122-->[androidx.work:work-runtime:2.9.0] AndroidManifest.xml:112:13-44
123            android:enabled="false"
123-->[androidx.work:work-runtime:2.9.0] AndroidManifest.xml:113:13-36
124            android:exported="false" >
124-->[androidx.work:work-runtime:2.9.0] AndroidManifest.xml:114:13-37
125            <intent-filter>
125-->[androidx.work:work-runtime:2.9.0] AndroidManifest.xml:116:13-120:29
126                <action android:name="android.intent.action.BOOT_COMPLETED" />
126-->src/main/AndroidManifest.xml:50:17-79
126-->src/main/AndroidManifest.xml:50:25-76
127                <action android:name="android.intent.action.TIME_SET" />
127-->[androidx.work:work-runtime:2.9.0] AndroidManifest.xml:118:17-73
127-->[androidx.work:work-runtime:2.9.0] AndroidManifest.xml:118:25-70
128                <action android:name="android.intent.action.TIMEZONE_CHANGED" />
128-->[androidx.work:work-runtime:2.9.0] AndroidManifest.xml:119:17-81
128-->[androidx.work:work-runtime:2.9.0] AndroidManifest.xml:119:25-78
129            </intent-filter>
130        </receiver>
131        <receiver
131-->[androidx.work:work-runtime:2.9.0] AndroidManifest.xml:122:9-131:20
132            android:name="androidx.work.impl.background.systemalarm.ConstraintProxyUpdateReceiver"
132-->[androidx.work:work-runtime:2.9.0] AndroidManifest.xml:123:13-99
133            android:directBootAware="false"
133-->[androidx.work:work-runtime:2.9.0] AndroidManifest.xml:124:13-44
134            android:enabled="@bool/enable_system_alarm_service_default"
134-->[androidx.work:work-runtime:2.9.0] AndroidManifest.xml:125:13-72
135            android:exported="false" >
135-->[androidx.work:work-runtime:2.9.0] AndroidManifest.xml:126:13-37
136            <intent-filter>
136-->[androidx.work:work-runtime:2.9.0] AndroidManifest.xml:128:13-130:29
137                <action android:name="androidx.work.impl.background.systemalarm.UpdateProxies" />
137-->[androidx.work:work-runtime:2.9.0] AndroidManifest.xml:129:17-98
137-->[androidx.work:work-runtime:2.9.0] AndroidManifest.xml:129:25-95
138            </intent-filter>
139        </receiver>
140        <receiver
140-->[androidx.work:work-runtime:2.9.0] AndroidManifest.xml:132:9-142:20
141            android:name="androidx.work.impl.diagnostics.DiagnosticsReceiver"
141-->[androidx.work:work-runtime:2.9.0] AndroidManifest.xml:133:13-78
142            android:directBootAware="false"
142-->[androidx.work:work-runtime:2.9.0] AndroidManifest.xml:134:13-44
143            android:enabled="true"
143-->[androidx.work:work-runtime:2.9.0] AndroidManifest.xml:135:13-35
144            android:exported="true"
144-->[androidx.work:work-runtime:2.9.0] AndroidManifest.xml:136:13-36
145            android:permission="android.permission.DUMP" >
145-->[androidx.work:work-runtime:2.9.0] AndroidManifest.xml:137:13-57
146            <intent-filter>
146-->[androidx.work:work-runtime:2.9.0] AndroidManifest.xml:139:13-141:29
147                <action android:name="androidx.work.diagnostics.REQUEST_DIAGNOSTICS" />
147-->[androidx.work:work-runtime:2.9.0] AndroidManifest.xml:140:17-88
147-->[androidx.work:work-runtime:2.9.0] AndroidManifest.xml:140:25-85
148            </intent-filter>
149        </receiver>
150
151        <service
151-->[androidx.room:room-runtime:2.5.0] AndroidManifest.xml:24:9-28:63
152            android:name="androidx.room.MultiInstanceInvalidationService"
152-->[androidx.room:room-runtime:2.5.0] AndroidManifest.xml:25:13-74
153            android:directBootAware="true"
153-->[androidx.room:room-runtime:2.5.0] AndroidManifest.xml:26:13-43
154            android:exported="false" />
154-->[androidx.room:room-runtime:2.5.0] AndroidManifest.xml:27:13-37
155
156        <receiver
156-->[androidx.profileinstaller:profileinstaller:1.3.0] AndroidManifest.xml:34:9-52:20
157            android:name="androidx.profileinstaller.ProfileInstallReceiver"
157-->[androidx.profileinstaller:profileinstaller:1.3.0] AndroidManifest.xml:35:13-76
158            android:directBootAware="false"
158-->[androidx.profileinstaller:profileinstaller:1.3.0] AndroidManifest.xml:36:13-44
159            android:enabled="true"
159-->[androidx.profileinstaller:profileinstaller:1.3.0] AndroidManifest.xml:37:13-35
160            android:exported="true"
160-->[androidx.profileinstaller:profileinstaller:1.3.0] AndroidManifest.xml:38:13-36
161            android:permission="android.permission.DUMP" >
161-->[androidx.profileinstaller:profileinstaller:1.3.0] AndroidManifest.xml:39:13-57
162            <intent-filter>
162-->[androidx.profileinstaller:profileinstaller:1.3.0] AndroidManifest.xml:40:13-42:29
163                <action android:name="androidx.profileinstaller.action.INSTALL_PROFILE" />
163-->[androidx.profileinstaller:profileinstaller:1.3.0] AndroidManifest.xml:41:17-91
163-->[androidx.profileinstaller:profileinstaller:1.3.0] AndroidManifest.xml:41:25-88
164            </intent-filter>
165            <intent-filter>
165-->[androidx.profileinstaller:profileinstaller:1.3.0] AndroidManifest.xml:43:13-45:29
166                <action android:name="androidx.profileinstaller.action.SKIP_FILE" />
166-->[androidx.profileinstaller:profileinstaller:1.3.0] AndroidManifest.xml:44:17-85
166-->[androidx.profileinstaller:profileinstaller:1.3.0] AndroidManifest.xml:44:25-82
167            </intent-filter>
168            <intent-filter>
168-->[androidx.profileinstaller:profileinstaller:1.3.0] AndroidManifest.xml:46:13-48:29
169                <action android:name="androidx.profileinstaller.action.SAVE_PROFILE" />
169-->[androidx.profileinstaller:profileinstaller:1.3.0] AndroidManifest.xml:47:17-88
169-->[androidx.profileinstaller:profileinstaller:1.3.0] AndroidManifest.xml:47:25-85
170            </intent-filter>
171            <intent-filter>
171-->[androidx.profileinstaller:profileinstaller:1.3.0] AndroidManifest.xml:49:13-51:29
172                <action android:name="androidx.profileinstaller.action.BENCHMARK_OPERATION" />
172-->[androidx.profileinstaller:profileinstaller:1.3.0] AndroidManifest.xml:50:17-95
172-->[androidx.profileinstaller:profileinstaller:1.3.0] AndroidManifest.xml:50:25-92
173            </intent-filter>
174        </receiver>
175    </application>
176
177</manifest>